[ 2017-06-29T08:37:23+08:00 ] 127.0.0.1 /admin.php?&c=login
INFO: [ app_init ] --START--
INFO: Run Behavior\BuildLiteBehavior [ RunTime:0.000000s ]
INFO: [ app_init ] --END-- [ RunTime:0.001000s ]
INFO: [ app_begin ] --START--
INFO: Run Behavior\ReadHtmlCacheBehavior [ RunTime:0.003000s ]
INFO: [ app_begin ] --END-- [ RunTime:0.004000s ]
INFO: [ view_parse ] --START--
INFO: [ template_filter ] --START--
INFO: Run Behavior\ContentReplaceBehavior [ RunTime:0.000000s ]
INFO: [ template_filter ] --END-- [ RunTime:0.000000s ]
INFO: Run Behavior\ParseTemplateBehavior [ RunTime:0.020001s ]
INFO: [ view_parse ] --END-- [ RunTime:0.020001s ]
INFO: [ view_filter ] --START--
INFO: Run Behavior\WriteHtmlCacheBehavior [ RunTime:0.001000s ]
INFO: [ view_filter ] --END-- [ RunTime:0.001000s ]
INFO: [ app_end ] --START--
INFO: Run Behavior\ShowPageTraceBehavior [ RunTime:0.006001s ]
INFO: [ app_end ] --END-- [ RunTime:0.006001s ]

[ 2017-06-29T08:37:35+08:00 ] 127.0.0.1 /admin.php?c=login&a=check
INFO: [ app_init ] --START--
INFO: Run Behavior\BuildLiteBehavior [ RunTime:0.000000s ]
INFO: [ app_init ] --END-- [ RunTime:0.001000s ]
INFO: [ app_begin ] --START--
INFO: Run Behavior\ReadHtmlCacheBehavior [ RunTime:0.001000s ]
INFO: [ app_begin ] --END-- [ RunTime:0.001000s ]
SQL: SHOW COLUMNS FROM `sk_admin` [ RunTime:0.0520s ]
SQL: SELECT * FROM `sk_admin` WHERE ( username="jason" ) LIMIT 1   [ RunTime:0.0010s ]
SQL: UPDATE `sk_admin` SET `lastlogintime`='1498696655' WHERE ( admin_id=1 ) [ RunTime:0.0600s ]

[ 2017-06-29T08:37:37+08:00 ] 127.0.0.1 /admin.php?c=index
INFO: [ app_init ] --START--
INFO: Run Behavior\BuildLiteBehavior [ RunTime:0.000000s ]
INFO: [ app_init ] --END-- [ RunTime:0.001000s ]
INFO: [ app_begin ] --START--
INFO: Run Behavior\ReadHtmlCacheBehavior [ RunTime:0.001000s ]
INFO: [ app_begin ] --END-- [ RunTime:0.002000s ]
NOTIC: [2048] Declaration of Common\Model\NewsModel::find() should be compatible with Think\Model::find($options = Array) E:\Demo\test1\Application\Common\Model\NewsModel.class.php 第 9 行.
SQL: SHOW COLUMNS FROM `sk_news` [ RunTime:0.0360s ]
SQL: SELECT * FROM `sk_news` WHERE `status` = 1 ORDER BY count desc LIMIT 1   [ RunTime:0.0090s ]
SQL: SELECT COUNT(*) AS tp_count FROM `sk_news` WHERE `status` <> -1 LIMIT 1   [ RunTime:0.0010s ]
NOTIC: [2048] Declaration of Common\Model\PositionModel::find() should be compatible with Think\Model::find($options = Array) E:\Demo\test1\Application\Common\Model\PositionModel.class.php 第 81 行.
SQL: SHOW COLUMNS FROM `sk_position` [ RunTime:0.0400s ]
SQL: SELECT COUNT(*) AS tp_count FROM `sk_position` WHERE `status` = 1 LIMIT 1   [ RunTime:0.0110s ]
SQL: SHOW COLUMNS FROM `sk_admin` [ RunTime:0.0050s ]
SQL: SELECT COUNT(*) AS tp_count FROM `sk_admin` WHERE `status` = 1 AND `lastlogintime` > 1498665600 LIMIT 1   [ RunTime:0.0010s ]
NOTIC: [2] Illegal string offset 'tp_count' E:\Demo\test1\Application\Common\Model\AdminModel.class.php 第 75 行.
INFO: [ view_parse ] --START--
INFO: [ template_filter ] --START--
INFO: Run Behavior\ContentReplaceBehavior [ RunTime:0.000000s ]
INFO: [ template_filter ] --END-- [ RunTime:0.001000s ]
NOTIC: [2048] Declaration of Common\Model\MenuModel::find() should be compatible with Think\Model::find($options = Array) E:\Demo\test1\Application\Common\Model\MenuModel.class.php 第 92 行.
SQL: SHOW COLUMNS FROM `sk_menu` [ RunTime:0.0350s ]
SQL: SELECT * FROM `sk_menu` WHERE `status` <> -1 AND `type` = 1 ORDER BY listorder desc,menu_id desc  [ RunTime:0.0000s ]
NOTIC: [8] Undefined index: a E:\Demo\test1\Application\Common\Common\function.php 第 33 行.
NOTIC: [8] Undefined index: a E:\Demo\test1\Application\Common\Common\function.php 第 33 行.
NOTIC: [8] Undefined index: a E:\Demo\test1\Application\Common\Common\function.php 第 33 行.
NOTIC: [8] Undefined index: a E:\Demo\test1\Application\Common\Common\function.php 第 33 行.
NOTIC: [8] Undefined index: a E:\Demo\test1\Application\Common\Common\function.php 第 33 行.
NOTIC: [8] Undefined index: a E:\Demo\test1\Application\Common\Common\function.php 第 33 行.
NOTIC: [8] Undefined index: a E:\Demo\test1\Application\Common\Common\function.php 第 33 行.
NOTIC: [8] Undefined index: a E:\Demo\test1\Application\Common\Common\function.php 第 33 行.
NOTIC: [8] Undefined index: a E:\Demo\test1\Application\Common\Common\function.php 第 33 行.
INFO: Run Behavior\ParseTemplateBehavior [ RunTime:0.102006s ]
INFO: [ view_parse ] --END-- [ RunTime:0.102006s ]
INFO: [ view_filter ] --START--
INFO: Run Behavior\WriteHtmlCacheBehavior [ RunTime:0.001000s ]
INFO: [ view_filter ] --END-- [ RunTime:0.001000s ]
INFO: [ app_end ] --START--
INFO: Run Behavior\ShowPageTraceBehavior [ RunTime:0.001000s ]
INFO: [ app_end ] --END-- [ RunTime:0.002000s ]

[ 2017-06-29T08:37:40+08:00 ] 127.0.0.1 /admin.php?c=enter
INFO: [ app_init ] --START--
INFO: Run Behavior\BuildLiteBehavior [ RunTime:0.000000s ]
INFO: [ app_init ] --END-- [ RunTime:0.001000s ]
INFO: [ app_begin ] --START--
INFO: Run Behavior\ReadHtmlCacheBehavior [ RunTime:0.001000s ]
INFO: [ app_begin ] --END-- [ RunTime:0.001000s ]
NOTIC: [2048] Declaration of Admin\Controller\ContentController::setStatus() should be compatible with Admin\Controller\CommonController::setStatus($data, $models) E:\Demo\test1\Application\Admin\Controller\EnterController.class.php 第 12 行.
NOTIC: [2048] Declaration of Admin\Controller\ContentController::listorder() should be compatible with Admin\Controller\CommonController::listorder($model = '') E:\Demo\test1\Application\Admin\Controller\EnterController.class.php 第 12 行.
ERR: 无法加载控制器:Enter

[ 2017-06-29T10:35:26+08:00 ] 127.0.0.1 /admin.php?c=enter
INFO: [ app_init ] --START--
INFO: Run Behavior\BuildLiteBehavior [ RunTime:0.000000s ]
INFO: [ app_init ] --END-- [ RunTime:0.002000s ]
INFO: [ app_begin ] --START--
INFO: Run Behavior\ReadHtmlCacheBehavior [ RunTime:0.001000s ]
INFO: [ app_begin ] --END-- [ RunTime:0.001000s ]
NOTIC: [2048] Declaration of Admin\Controller\EnterController::setStatus() should be compatible with Admin\Controller\CommonController::setStatus($data, $models) E:\Demo\test1\Application\Admin\Controller\EnterController.class.php 第 12 行.
NOTIC: [2048] Declaration of Admin\Controller\EnterController::listorder() should be compatible with Admin\Controller\CommonController::listorder($model = '') E:\Demo\test1\Application\Admin\Controller\EnterController.class.php 第 12 行.
NOTIC: [8] Undefined index: title E:\Demo\test1\Application\Admin\Controller\EnterController.class.php 第 16 行.
NOTIC: [8] Undefined index: catid E:\Demo\test1\Application\Admin\Controller\EnterController.class.php 第 20 行.
NOTIC: [8] Undefined index: p E:\Demo\test1\Application\Admin\Controller\EnterController.class.php 第 24 行.
NOTIC: [2048] Declaration of Common\Model\NewsModel::find() should be compatible with Think\Model::find($options = Array) E:\Demo\test1\Application\Common\Model\NewsModel.class.php 第 9 行.
SQL: SHOW COLUMNS FROM `sk_news` [ RunTime:0.0070s ]
SQL: SELECT * FROM `sk_news` WHERE `status` <> -1 ORDER BY listorder desc ,news_id desc LIMIT 0,10   [ RunTime:0.0010s ]
SQL: SELECT COUNT(*) AS tp_count FROM `sk_news` WHERE `status` <> -1 LIMIT 1   [ RunTime:0.0010s ]
NOTIC: [8] Undefined variable: sing_path E:\Demo\test1\ThinkPHP\Common\functions.php 第 991 行.
NOTIC: [2048] Declaration of Common\Model\PositionModel::find() should be compatible with Think\Model::find($options = Array) E:\Demo\test1\Application\Common\Model\PositionModel.class.php 第 81 行.
SQL: SHOW COLUMNS FROM `sk_position` [ RunTime:0.0060s ]
SQL: SELECT * FROM `sk_position` WHERE `status` = 1 ORDER BY id  [ RunTime:0.0010s ]
NOTIC: [2048] Declaration of Common\Model\MenuModel::find() should be compatible with Think\Model::find($options = Array) E:\Demo\test1\Application\Common\Model\MenuModel.class.php 第 92 行.
SQL: SHOW COLUMNS FROM `sk_menu` [ RunTime:0.0060s ]
SQL: SELECT * FROM `sk_menu` WHERE `status` = 1 AND `type` = 0 ORDER BY listorder desc,menu_id desc  [ RunTime:0.0010s ]
INFO: [ view_parse ] --START--
INFO: [ template_filter ] --START--
INFO: Run Behavior\ContentReplaceBehavior [ RunTime:0.000000s ]
INFO: [ template_filter ] --END-- [ RunTime:0.001000s ]
SQL: SELECT * FROM `sk_menu` WHERE `status` <> -1 AND `type` = 1 ORDER BY listorder desc,menu_id desc  [ RunTime:0.0000s ]
NOTIC: [8] Undefined index: a E:\Demo\test1\Application\Common\Common\function.php 第 33 行.
NOTIC: [8] Undefined index: a E:\Demo\test1\Application\Common\Common\function.php 第 33 行.
NOTIC: [8] Undefined index: a E:\Demo\test1\Application\Common\Common\function.php 第 33 行.
NOTIC: [8] Undefined index: a E:\Demo\test1\Application\Common\Common\function.php 第 33 行.
NOTIC: [8] Undefined index: a E:\Demo\test1\Application\Common\Common\function.php 第 33 行.
NOTIC: [8] Undefined index: a E:\Demo\test1\Application\Common\Common\function.php 第 33 行.
NOTIC: [8] Undefined index: a E:\Demo\test1\Application\Common\Common\function.php 第 33 行.
NOTIC: [8] Undefined index: a E:\Demo\test1\Application\Common\Common\function.php 第 33 行.
NOTIC: [8] Undefined index: a E:\Demo\test1\Application\Common\Common\function.php 第 33 行.
INFO: Run Behavior\ParseTemplateBehavior [ RunTime:0.038002s ]
INFO: [ view_parse ] --END-- [ RunTime:0.038002s ]
INFO: [ view_filter ] --START--
INFO: Run Behavior\WriteHtmlCacheBehavior [ RunTime:0.001000s ]
INFO: [ view_filter ] --END-- [ RunTime:0.001000s ]
INFO: [ app_end ] --START--
INFO: Run Behavior\ShowPageTraceBehavior [ RunTime:0.001000s ]
INFO: [ app_end ] --END-- [ RunTime:0.001000s ]

[ 2017-06-29T11:16:27+08:00 ] 127.0.0.1 /admin.php?c=enter
INFO: [ app_init ] --START--
INFO: Run Behavior\BuildLiteBehavior [ RunTime:0.000000s ]
INFO: [ app_init ] --END-- [ RunTime:0.029001s ]
INFO: [ app_begin ] --START--
INFO: Run Behavior\ReadHtmlCacheBehavior [ RunTime:0.002000s ]
INFO: [ app_begin ] --END-- [ RunTime:0.003000s ]
NOTIC: [2048] Declaration of Admin\Controller\EnterController::setStatus() should be compatible with Admin\Controller\CommonController::setStatus($data, $models) E:\Demo\test1\Application\Admin\Controller\EnterController.class.php 第 12 行.
NOTIC: [2048] Declaration of Admin\Controller\EnterController::listorder() should be compatible with Admin\Controller\CommonController::listorder($model = '') E:\Demo\test1\Application\Admin\Controller\EnterController.class.php 第 12 行.
NOTIC: [8] Undefined index: title E:\Demo\test1\Application\Admin\Controller\EnterController.class.php 第 16 行.
NOTIC: [8] Undefined index: catid E:\Demo\test1\Application\Admin\Controller\EnterController.class.php 第 20 行.
NOTIC: [8] Undefined index: p E:\Demo\test1\Application\Admin\Controller\EnterController.class.php 第 24 行.
NOTIC: [2048] Declaration of Common\Model\NewsModel::find() should be compatible with Think\Model::find($options = Array) E:\Demo\test1\Application\Common\Model\NewsModel.class.php 第 9 行.
SQL: SHOW COLUMNS FROM `sk_enter` [ RunTime:0.0080s ]
ERR: 1054:Unknown column 'listorder' in 'order clause'
 [ SQL语句 ] : SELECT * FROM `sk_enter` ORDER BY listorder desc ,news_id desc LIMIT 0,10  
ERR: 1054:Unknown column 'listorder' in 'order clause'
 [ SQL语句 ] : SELECT * FROM `sk_enter` ORDER BY listorder desc ,news_id desc LIMIT 0,10  

